<?xml version="1.0" encoding="UTF-8"?>
<!-- Generated by org.testng.reporters.JUnitXMLReporter -->
<testsuite ignored="1" hostname="DESKTOP-RTFTH45" failures="0" tests="2" name="Submit Order Test" time="14.764" errors="0" timestamp="2025-05-10T14:37:03 BST">
  <testcase classname="abbeyLtd.TestPage.SubmitOrderTest" name="submitOrderTest" time="3.709"/>
  <testcase classname="abbeyLtd.TestPage.SubmitOrderTest" name="submitOrderTest" time="3.62"/>
  <testcase classname="abbeyLtd.TestPage.SubmitOrderTest" name="orderHistoryTest" time="0.0">
    <ignored/>
  </testcase> <!-- orderHistoryTest -->
</testsuite> <!-- Submit Order Test -->
