<?xml version="1.0" encoding="UTF-8"?>
<testng-results ignored="0" total="2" passed="2" failed="0" skipped="0">
  <reporter-output>
  </reporter-output>
  <suite started-at="2025-05-10T14:36:48 BST" name="Suite" finished-at="2025-05-10T14:37:03 BST" duration-ms="14764">
    <groups>
      <group name="Purchase">
        <method signature="SubmitOrderTest.submitOrderTest(java.util.HashMap)[pri:0, instance:abbeyLtd.TestPage.SubmitOrderTest@55a147cc]" name="submitOrderTest" class="abbeyLtd.TestPage.SubmitOrderTest"/>
      </group> <!-- Purchase -->
    </groups>
    <test started-at="2025-05-10T14:36:48 BST" name="Error Validations Test" finished-at="2025-05-10T14:36:48 BST" duration-ms="13">
    </test> <!-- Error Validations Test -->
    <test started-at="2025-05-10T14:36:48 BST" name="Submit Order Test" finished-at="2025-05-10T14:37:03 BST" duration-ms="14764">
      <class name="abbeyLtd.TestPage.SubmitOrderTest">
        <test-method is-config="true" signature="launchApp()[pri:0, instance:abbeyLtd.TestPage.SubmitOrderTest@55a147cc]" started-at="2025-05-10T14:36:48 BST" name="launchApp" finished-at="2025-05-10T14:36:52 BST" duration-ms="3650" status="PASS">
          <reporter-output>
          </reporter-output>
        </test-method> <!-- launchApp -->
        <test-method signature="submitOrderTest(java.util.HashMap)[pri:0, instance:abbeyLtd.TestPage.SubmitOrderTest@55a147cc]" started-at="2025-05-10T14:36:52 BST" name="submitOrderTest" data-provider="getData" finished-at="2025-05-10T14:36:55 BST" duration-ms="3709" status="PASS">
          <params>
            <param index="0">
              <value>
                <![CDATA[{password=Abbey100!, productName=ZARA COAT 3, username=abbeylincoln@gmail.com}]]>
              </value>
            </param>
          </params>
          <reporter-output>
          </reporter-output>
        </test-method> <!-- submitOrderTest -->
        <test-method is-config="true" signature="tearDown()[pri:0, instance:abbeyLtd.TestPage.SubmitOrderTest@55a147cc]" started-at="2025-05-10T14:36:55 BST" name="tearDown" finished-at="2025-05-10T14:36:55 BST" duration-ms="71" status="PASS">
          <reporter-output>
          </reporter-output>
        </test-method> <!-- tearDown -->
        <test-method is-config="true" signature="launchApp()[pri:0, instance:abbeyLtd.TestPage.SubmitOrderTest@55a147cc]" started-at="2025-05-10T14:36:55 BST" name="launchApp" finished-at="2025-05-10T14:36:59 BST" duration-ms="3385" status="PASS">
          <reporter-output>
          </reporter-output>
        </test-method> <!-- launchApp -->
        <test-method signature="submitOrderTest(java.util.HashMap)[pri:0, instance:abbeyLtd.TestPage.SubmitOrderTest@55a147cc]" started-at="2025-05-10T14:36:59 BST" name="submitOrderTest" data-provider="getData" finished-at="2025-05-10T14:37:02 BST" duration-ms="3620" status="PASS">
          <params>
            <param index="0">
              <value>
                <![CDATA[{password=Iamking@000, productName=ZARA COAT 3, username=shetty@gmail.com}]]>
              </value>
            </param>
          </params>
          <reporter-output>
          </reporter-output>
        </test-method> <!-- submitOrderTest -->
        <test-method is-config="true" signature="tearDown()[pri:0, instance:abbeyLtd.TestPage.SubmitOrderTest@55a147cc]" started-at="2025-05-10T14:37:02 BST" name="tearDown" finished-at="2025-05-10T14:37:03 BST" duration-ms="41" status="PASS">
          <reporter-output>
          </reporter-output>
        </test-method> <!-- tearDown -->
      </class> <!-- abbeyLtd.TestPage.SubmitOrderTest -->
    </test> <!-- Submit Order Test -->
  </suite> <!-- Suite -->
</testng-results>
